<?xml version="1.0" encoding="UTF-8"?>
<coverage generated="1655306155062" clover="3.2.0">
  <project timestamp="1655306155062" name="All files">
    <metrics statements="27" coveredstatements="27" conditionals="18" coveredconditionals="18" methods="7" coveredmethods="7" elements="52" coveredelements="52" complexity="0" loc="27" ncloc="27" packages="1" files="4" classes="4"/>
    <file name="calculator.js" path="/home/mirwais/Documents/testing_practice_jest_library/calculator.js">
      <metrics statements="15" coveredstatements="15" conditionals="12" coveredconditionals="12" methods="4" coveredmethods="4"/>
      <line num="2" count="1" type="stmt"/>
      <line num="3" count="4" type="cond" truecount="4" falsecount="0"/>
      <line num="4" count="1" type="stmt"/>
      <line num="6" count="3" type="cond" truecount="4" falsecount="0"/>
      <line num="7" count="1" type="stmt"/>
      <line num="9" count="2" type="cond" truecount="4" falsecount="0"/>
      <line num="10" count="1" type="stmt"/>
      <line num="12" count="1" type="stmt"/>
      <line num="15" count="1" type="stmt"/>
      <line num="16" count="3" type="stmt"/>
      <line num="19" count="1" type="stmt"/>
      <line num="20" count="3" type="stmt"/>
      <line num="23" count="1" type="stmt"/>
      <line num="24" count="3" type="stmt"/>
      <line num="28" count="1" type="stmt"/>
    </file>
    <file name="capitalizeString.js" path="/home/mirwais/Documents/testing_practice_jest_library/capitalizeString.js">
      <metrics statements="5" coveredstatements="5" conditionals="2" coveredconditionals="2" methods="1" coveredmethods="1"/>
      <line num="1" count="1" type="stmt"/>
      <line num="2" count="2" type="cond" truecount="2" falsecount="0"/>
      <line num="3" count="1" type="stmt"/>
      <line num="6" count="1" type="stmt"/>
      <line num="10" count="1" type="stmt"/>
    </file>
    <file name="reverseString.js" path="/home/mirwais/Documents/testing_practice_jest_library/reverseString.js">
      <metrics statements="3" coveredstatements="3" conditionals="0" coveredconditionals="0" methods="1" coveredmethods="1"/>
      <line num="1" count="1" type="stmt"/>
      <line num="2" count="1" type="stmt"/>
      <line num="5" count="1" type="stmt"/>
    </file>
    <file name="string_length.js" path="/home/mirwais/Documents/testing_practice_jest_library/string_length.js">
      <metrics statements="4" coveredstatements="4" conditionals="4" coveredconditionals="4" methods="1" coveredmethods="1"/>
      <line num="1" count="1" type="stmt"/>
      <line num="2" count="3" type="cond" truecount="4" falsecount="0"/>
      <line num="4" count="1" type="stmt"/>
      <line num="9" count="1" type="stmt"/>
    </file>
  </project>
</coverage>
