TN:
SF:calculator.js
FN:2,(anonymous_0)
FN:15,(anonymous_1)
FN:19,(anonymous_2)
FN:23,(anonymous_3)
FNF:4
FNH:4
FNDA:4,(anonymous_0)
FNDA:3,(anonymous_1)
FNDA:3,(anonymous_2)
FNDA:3,(anonymous_3)
DA:2,1
DA:3,4
DA:4,1
DA:6,3
DA:7,1
DA:9,2
DA:10,1
DA:12,1
DA:15,1
DA:16,3
DA:19,1
DA:20,3
DA:23,1
DA:24,3
DA:28,1
LF:15
LH:15
BRDA:3,0,0,1
BRDA:3,0,1,3
BRDA:3,1,0,4
BRDA:3,1,1,2
BRDA:6,2,0,1
BRDA:6,2,1,2
BRDA:6,3,0,3
BRDA:6,3,1,1
BRDA:9,4,0,1
BRDA:9,4,1,1
BRDA:9,5,0,2
BRDA:9,5,1,2
BRF:12
BRH:12
end_of_record
TN:
SF:capitalizeString.js
FN:1,(anonymous_0)
FNF:1
FNH:1
FNDA:2,(anonymous_0)
DA:1,1
DA:2,2
DA:3,1
DA:6,1
DA:10,1
LF:5
LH:5
BRDA:2,0,0,1
BRDA:2,0,1,1
BRF:2
BRH:2
end_of_record
TN:
SF:reverseString.js
FN:1,(anonymous_0)
FNF:1
FNH:1
FNDA:1,(anonymous_0)
DA:1,1
DA:2,1
DA:5,1
LF:3
LH:3
BRF:0
BRH:0
end_of_record
TN:
SF:string_length.js
FN:1,(anonymous_0)
FNF:1
FNH:1
FNDA:3,(anonymous_0)
DA:1,1
DA:2,3
DA:4,1
DA:9,1
LF:4
LH:4
BRDA:2,0,0,2
BRDA:2,0,1,1
BRDA:2,1,0,3
BRDA:2,1,1,3
BRF:4
BRH:4
end_of_record
